  Compiling CUDA source file kernel.cu...
  
  C:\Users\alex_\source\repos\hist_equ_cuda\hist_equ_cuda>"C:\Program Files\NVIDIA GPU Computing Toolkit\CUDA\v11.1\bin\nvcc.exe" -gencode=arch=compute_52,code=\"sm_52,compute_52\" --use-local-env -ccbin "C:\Program Files (x86)\Microsoft Visual Studio\2019\Community\VC\Tools\MSVC\14.28.29333\bin\HostX86\x64" -x cu   -I"C:\Program Files\NVIDIA GPU Computing Toolkit\CUDA\v11.1\include" -I"C:\Program Files\NVIDIA GPU Computing Toolkit\CUDA\v11.1\include"  -G   --keep-dir x64\Debug -maxrregcount=0  --machine 64 --compile -cudart static  -g   -DWIN32 -DWIN64 -D_DEBUG -D_CONSOLE -D_MBCS -Xcompiler "/EHsc /W3 /nologo /Od /Fdx64\Debug\vc142.pdb /FS /Zi /RTC1 /MDd " -o x64\Debug\kernel.cu.obj "C:\Users\alex_\source\repos\hist_equ_cuda\hist_equ_cuda\kernel.cu" 
C:/Users/alex_/source/repos/hist_equ_cuda/hist_equ_cuda/kernel.cu(128): warning : transfer of control bypasses initialization of:
              variable "dimGrid"
  (151): here
              variable "dimBlock"
  (152): here
  
C:/Users/alex_/source/repos/hist_equ_cuda/hist_equ_cuda/kernel.cu(134): warning : transfer of control bypasses initialization of:
              variable "dimGrid"
  (151): here
              variable "dimBlock"
  (152): here
  
C:/Users/alex_/source/repos/hist_equ_cuda/hist_equ_cuda/kernel.cu(140): warning : transfer of control bypasses initialization of:
              variable "dimGrid"
  (151): here
              variable "dimBlock"
  (152): here
  
C:/Users/alex_/source/repos/hist_equ_cuda/hist_equ_cuda/kernel.cu(147): warning : transfer of control bypasses initialization of:
              variable "dimGrid"
  (151): here
              variable "dimBlock"
  (152): here
  
C:/Users/alex_/source/repos/hist_equ_cuda/hist_equ_cuda/kernel.cu(101): warning : variable "memSize" was declared but never referenced
  
C:/Users/alex_/source/repos/hist_equ_cuda/hist_equ_cuda/kernel.cu(128): warning : transfer of control bypasses initialization of:
              variable "dimGrid"
  (151): here
              variable "dimBlock"
  (152): here
  
C:/Users/alex_/source/repos/hist_equ_cuda/hist_equ_cuda/kernel.cu(134): warning : transfer of control bypasses initialization of:
              variable "dimGrid"
  (151): here
              variable "dimBlock"
  (152): here
  
C:/Users/alex_/source/repos/hist_equ_cuda/hist_equ_cuda/kernel.cu(140): warning : transfer of control bypasses initialization of:
              variable "dimGrid"
  (151): here
              variable "dimBlock"
  (152): here
  
C:/Users/alex_/source/repos/hist_equ_cuda/hist_equ_cuda/kernel.cu(147): warning : transfer of control bypasses initialization of:
              variable "dimGrid"
  (151): here
              variable "dimBlock"
  (152): here
  
  kernel.cu
C:/Users/alex_/source/repos/hist_equ_cuda/hist_equ_cuda/kernel.cu(44): warning C4244: '=': conversion from 'double' to 'int', possible loss of data
C:/Users/alex_/source/repos/hist_equ_cuda/hist_equ_cuda/kernel.cu(155): warning C4996: 'cudaThreadSynchronize': was declared deprecated
C:/Users/alex_/source/repos/hist_equ_cuda/hist_equ_cuda/kernel.cu(190): warning C4533: initialization of 'dimBlock' is skipped by 'goto Error'
  C:/Users/alex_/source/repos/hist_equ_cuda/hist_equ_cuda/kernel.cu(152): note: see declaration of 'dimBlock'
  C:/Users/alex_/source/repos/hist_equ_cuda/hist_equ_cuda/kernel.cu(190): note: see declaration of 'Error'
C:/Users/alex_/source/repos/hist_equ_cuda/hist_equ_cuda/kernel.cu(190): warning C4533: initialization of 'dimGrid' is skipped by 'goto Error'
  C:/Users/alex_/source/repos/hist_equ_cuda/hist_equ_cuda/kernel.cu(151): note: see declaration of 'dimGrid'
  C:/Users/alex_/source/repos/hist_equ_cuda/hist_equ_cuda/kernel.cu(190): note: see declaration of 'Error'
  hist_equ_cuda.vcxproj -> C:\Users\alex_\source\repos\hist_equ_cuda\x64\Debug\hist_equ_cuda.exe
